<?xml version="1.0" encoding="UTF-8"?>
<!-- Generated by org.testng.reporters.JUnitReportReporter -->
<testsuite hostname="LAPTOP-MNLL3GGH" failures="0" tests="1" name="test_ng.Draganddrop" time="133.844" errors="0" timestamp="2024-08-15T15:25:39 IST" skipped="0">
  <testcase classname="test_ng.Draganddrop" name="test1" time="133.844"/>
  <system-out/>
</testsuite> <!-- test_ng.Draganddrop -->
