<?xml version="1.0" encoding="UTF-8"?>
<!-- Generated by org.testng.reporters.JUnitReportReporter -->
<testsuite hostname="LAPTOP-MNLL3GGH" failures="0" tests="1" name="test_ng.Mousehover" time="33.972" errors="0" timestamp="2024-08-15T19:51:56 IST" skipped="0">
  <testcase classname="test_ng.Mousehover" name="test1" time="33.972"/>
  <system-out/>
</testsuite> <!-- test_ng.Mousehover -->
