<?xml version="1.0" encoding="UTF-8"?>
<!-- Generated by org.testng.reporters.JUnitReportReporter -->
<testsuite hostname="LAPTOP-MNLL3GGH" failures="0" tests="1" name="test_ng.Parameter" time="0.019" errors="0" timestamp="2024-08-15T14:33:36 IST" skipped="0">
  <testcase classname="test_ng.Parameter" name="main" time="0.019"/>
  <system-out/>
</testsuite> <!-- test_ng.Parameter -->
