<?xml version="1.0" encoding="UTF-8"?>
<!-- Generated by org.testng.reporters.JUnitReportReporter -->
<testsuite hostname="LAPTOP-MNLL3GGH" failures="0" tests="3" name="test_ng.Crossbrowser" time="56.561" errors="0" timestamp="2024-08-15T14:47:16 IST" skipped="0">
  <testcase classname="test_ng.Crossbrowser" name="fb" time="5.127"/>
  <system-out/>
  <testcase classname="test_ng.Crossbrowser" name="fb" time="29.961"/>
  <system-out/>
  <testcase classname="test_ng.Crossbrowser" name="fb" time="21.473"/>
  <system-out/>
</testsuite> <!-- test_ng.Crossbrowser -->
