<?xml version="1.0" encoding="UTF-8"?>
<!-- Generated by org.testng.reporters.JUnitReportReporter -->
<testsuite hostname="LAPTOP-MNLL3GGH" failures="0" tests="1" name="test_ng.Rightclick" time="54.416" errors="0" timestamp="2024-08-15T19:39:03 IST" skipped="0">
  <testcase classname="test_ng.Rightclick" name="test1" time="54.416"/>
  <system-out/>
</testsuite> <!-- test_ng.Rightclick -->
