<?xml version="1.0" encoding="UTF-8"?>
<!-- Generated by org.testng.reporters.JUnitReportReporter -->
<testsuite hostname="LAPTOP-MNLL3GGH" failures="0" tests="5" name="test_ng.Grouping" time="0.038" errors="0" timestamp="2024-08-15T14:20:17 IST" skipped="0">
  <testcase classname="test_ng.Grouping" name="main3" time="0.003"/>
  <system-out/>
  <testcase classname="test_ng.Grouping" name="main4" time="0.003"/>
  <system-out/>
  <testcase classname="test_ng.Grouping" name="main5" time="0.006"/>
  <system-out/>
  <testcase classname="test_ng.Grouping" name="main1" time="0.023"/>
  <system-out/>
  <testcase classname="test_ng.Grouping" name="main2" time="0.003"/>
  <system-out/>
</testsuite> <!-- test_ng.Grouping -->
