<?xml version="1.0" encoding="UTF-8"?>
<!-- Generated by org.testng.reporters.JUnitReportReporter -->
<testsuite hostname="LAPTOP-MNLL3GGH" failures="0" tests="1" name="test_ng.Doubleclick" time="32.650" errors="0" timestamp="2024-08-15T19:40:56 IST" skipped="0">
  <testcase classname="test_ng.Doubleclick" name="test1" time="32.650"/>
  <system-out/>
</testsuite> <!-- test_ng.Doubleclick -->
