<?xml version="1.0" encoding="UTF-8"?>
<!-- Generated by org.testng.reporters.JUnitReportReporter -->
<testsuite hostname="LAPTOP-MNLL3GGH" failures="0" tests="1" name="test_ng.Action" time="14.109" errors="0" timestamp="2024-08-15T15:03:46 IST" skipped="0">
  <testcase classname="test_ng.Action" name="test1" time="14.109"/>
  <system-out/>
</testsuite> <!-- test_ng.Action -->
