<?xml version="1.0" encoding="UTF-8"?>
<!-- Generated by org.testng.reporters.JUnitReportReporter -->
<testsuite hostname="LAPTOP-MNLL3GGH" failures="0" tests="1" name="test_ng.Windowhandle" time="127.544" errors="0" timestamp="2024-08-15T22:10:49 IST" skipped="0">
  <testcase classname="test_ng.Windowhandle" name="test1" time="127.544"/>
  <system-out/>
</testsuite> <!-- test_ng.Windowhandle -->
