<?xml version="1.0" encoding="UTF-8"?>
<!-- Generated by org.testng.reporters.JUnitReportReporter -->
<testsuite hostname="LAPTOP-MNLL3GGH" failures="0" tests="5" name="test_ng.Test_ngdemo" time="0.026" errors="0" timestamp="2024-08-15T11:45:54 IST" skipped="1">
  <testcase classname="test_ng.Test_ngdemo" name="test3" time="0.011"/>
  <system-out/>
  <testcase classname="test_ng.Test_ngdemo" name="test1" time="0.004"/>
  <system-out/>
  <testcase classname="test_ng.Test_ngdemo" name="test1" time="0.006"/>
  <system-out/>
  <testcase classname="test_ng.Test_ngdemo" name="test1" time="0.005"/>
  <system-out/>
  <testcase classname="test_ng.Test_ngdemo" name="test2">
    <skipped/>
  </testcase> <!-- test2 -->
  <system-out/>
</testsuite> <!-- test_ng.Test_ngdemo -->
